<?xml version="1.0" encoding="UTF-8"?>
<!-- Generated by org.testng.reporters.JUnitReportReporter -->
<testsuite skipped="0" hostname="DESKTOP-0FSG9OD" name="tests.CCAutomationTest" tests="1" failures="0" timestamp="22 Aug 2020 14:22:11 GMT" time="22.597" errors="0">
  <testcase name="book" time="22.597" classname="tests.CCAutomationTest"/>
</testsuite> <!-- tests.CCAutomationTest -->
